<?xml version="1.0" encoding="UTF-8"?>
<!-- Generated by org.testng.reporters.JUnitXMLReporter -->
<testsuite hostname="Vishal-PC" name="Command line test" tests="6" failures="0" timestamp="17 Jun 2016 06:22:27 GMT" time="0.139" errors="0">
  <testcase name="allElementsAreSame" time="0.023" classname="com.secondLargestNumber.test.SecondLargestNumber.TestScondLargestNumber"/>
  <testcase name="testArrayNotNull" time="0.001" classname="com.secondLargestNumber.test.SecondLargestNumber.TestScondLargestNumber"/>
  <testcase name="testArrayOnlyOneElement" time="0.0" classname="com.secondLargestNumber.test.SecondLargestNumber.TestScondLargestNumber"/>
  <testcase name="testArrayWithTwoElements" time="0.001" classname="com.secondLargestNumber.test.SecondLargestNumber.TestScondLargestNumber"/>
  <testcase name="testScondLargestNumber" time="0.0" classname="com.secondLargestNumber.test.SecondLargestNumber.TestScondLargestNumber"/>
  <testcase name="withoutsorting" time="0.001" classname="com.secondLargestNumber.test.SecondLargestNumber.TestScondLargestNumber"/>
</testsuite> <!-- Command line test -->
