<?xml version="1.0" encoding="UTF-8"?>
<!-- Generated by org.testng.reporters.JUnitXMLReporter -->
<testsuite hostname="Vishal-PC" name="Default test" tests="6" failures="0" timestamp="17 Jun 2016 06:06:10 GMT" time="0.163" errors="0">
  <testcase name="allElementsAreSame" time="0.043" classname="com.secondLargestNumber.test.SecondLargestNumber.TestScondLargestNumber"/>
  <testcase name="testArrayNotNull" time="0.004" classname="com.secondLargestNumber.test.SecondLargestNumber.TestScondLargestNumber"/>
  <testcase name="testArrayOnlyOneElement" time="0.003" classname="com.secondLargestNumber.test.SecondLargestNumber.TestScondLargestNumber"/>
  <testcase name="testArrayOnlyTwElement" time="0.004" classname="com.secondLargestNumber.test.SecondLargestNumber.TestScondLargestNumber"/>
  <testcase name="testScondLargestNumber" time="0.003" classname="com.secondLargestNumber.test.SecondLargestNumber.TestScondLargestNumber"/>
  <testcase name="withoutsorting" time="0.004" classname="com.secondLargestNumber.test.SecondLargestNumber.TestScondLargestNumber"/>
</testsuite> <!-- Default test -->
