<?xml version="1.0" encoding="UTF-8"?>
<!-- Generated by org.testng.reporters.JUnitXMLReporter -->
<testsuite hostname="Vishal-PC" name="Default test" tests="3" failures="0" timestamp="17 Jun 2016 01:17:16 GMT" time="0.127" errors="0">
  <testcase name="testArrayNotNull" time="0.041" classname="com.secondLargestNumber.test.SecondLargestNumber.TestScondLargestNumber"/>
  <testcase name="testArrayOnlyOneElement" time="0.013" classname="com.secondLargestNumber.test.SecondLargestNumber.TestScondLargestNumber"/>
  <testcase name="testScondLargestNumber" time="0.007" classname="com.secondLargestNumber.test.SecondLargestNumber.TestScondLargestNumber"/>
</testsuite> <!-- Default test -->
