<?xml version="1.0" encoding="UTF-8"?>
<!-- Generated by org.testng.reporters.JUnitXMLReporter -->
<testsuite hostname="Vishal-PC" name="Test" tests="3" failures="0" timestamp="17 Jun 2016 01:10:56 GMT" time="0.137" errors="0">
  <testcase name="testArrayNotNull" time="0.04" classname="com.secondLargestNumber.test.SecondLargestNumber.TestScondLargestNumber"/>
  <testcase name="testArrayOnlyOneElement" time="0.005" classname="com.secondLargestNumber.test.SecondLargestNumber.TestScondLargestNumber"/>
  <testcase name="testScondLargestNumber" time="0.004" classname="com.secondLargestNumber.test.SecondLargestNumber.TestScondLargestNumber"/>
</testsuite> <!-- Test -->
